make all --print-data-base --no-builtin-variables --no-builtin-rules --question
# GNU Make 3.81
# Copyright (C) 2006  Free Software Foundation, Inc.
# This is free software; see the source for copying conditions.
# There is NO warranty; not even for MERCHANTABILITY or FITNESS FOR A
# PARTICULAR PURPOSE.

# This program built for i386-apple-darwin11.3.0

# Make data base, printed on Thu May 26 11:23:52 2022

# Variables

# makefile (from `Makefile', line 66)
FILENAME = trainer
# automatic
<D = $(patsubst %/,%,$(dir $<))
# automatic
?F = $(notdir $?)
# environment
ELECTRON_NO_ATTACH_CONSOLE = 1
# environment
HOMEBREW_NO_ANALYTICS = 1
# environment
LC_CTYPE = UTF-8
# environment
VSCODE_LOG_NATIVE = false
# automatic
?D = $(patsubst %/,%,$(dir $?))
# automatic
@D = $(patsubst %/,%,$(dir $@))
# automatic
@F = $(notdir $@)
# makefile
CURDIR := /Users/ievab/code/ievabi/TFM_PredictInProd
# makefile
SHELL = /bin/sh
# makefile (from `Makefile', line 2)
LOCAL_PATH = PATH_TO_FILE_train_1k.csv
# environment
VSCODE_NLS_CONFIG = {"locale":"en-gb","availableLanguages":{},"_languagePackSupport":true}
# makefile (from `Makefile', line 15)
BUCKET_FILE_NAME = $(shell basename ${LOCAL_PATH})
# environment
_ = /usr/bin/make
# environment
GOOGLE_APPLICATION_CREDENTIALS = /Users/ievab/code/ievabi/gcp/fast-gateway-346914-6ce2d3ed8744.json
# makefile (from `Makefile', line 1)
MAKEFILE_LIST :=  Makefile
# environment
VSCODE_VERBOSE_LOGGING = true
# environment
__CFBundleIdentifier = com.microsoft.VSCode
# environment
VSCODE_IPC_HOOK_EXTHOST = /var/folders/q5/_9wxskdx5t30nfq8r9d_3k380000gn/T/vscode-ipc-c2f9520b-6abd-4f74-a8e6-6f8d217d7f1e.sock
# environment
VSCODE_CWD = /Users/ievab/code/ievabi/TFM_PredictInProd
# environment
PATH = /usr/local/Caskroom/google-cloud-sdk/latest/google-cloud-sdk/bin:./bin:./node_modules/.bin:/Users/ievab/.pyenv/plugins/pyenv-virtualenv/shims:/Users/ievab/.rbenv/bin:/Users/ievab/.pyenv/plugins/pyenv-virtualenv/shims:/Users/ievab/.pyenv/shims:/Users/ievab/.pyenv/bin:/usr/local/bin:/usr/bin:/bin:/usr/sbin:/sbin:/Library/TeX/texbin:/opt/X11/bin:/Library/Apple/usr/bin:/usr/local/sbin
# environment
LSCOLORS = Gxfxcxdxbxegedabagacad
# environment
VIRTUAL_ENV = /Users/ievab/.pyenv/versions/3.8.13/envs/lewagon
# makefile (from `Makefile', line 61)
RUNTIME_VERSION = 2.2
# environment
VSCODE_LOG_STACK = false
# environment
ELECTRON_RUN_AS_NODE = 1
# environment
PYENV_ROOT = /Users/ievab/.pyenv
# default
.FEATURES := target-specific order-only second-expansion else-if archives jobserver check-symlink
# environment
SSH_AUTH_SOCK = /private/tmp/com.apple.launchd.4k8WoJ1smO/Listeners
# automatic
%F = $(notdir $%)
# environment
DISPLAY = /private/tmp/com.apple.launchd.iN6hLiUIzD/org.macosforge.xquartz:0
# environment
VSCODE_PIPE_LOGGING = true
# environment
PWD = /Users/ievab/code/ievabi/TFM_PredictInProd
# environment
ORIGINAL_XDG_CURRENT_DESKTOP = undefined
# environment
VSCODE_AMD_ENTRYPOINT = vs/workbench/api/node/extensionHostProcess
# environment
PYENV_SHELL = zsh
# environment
HOME = /Users/ievab
# default
MAKEFILEPATH := /Applications/Xcode.app/Contents/Developer/Makefiles
# environment
VSCODE_CLI = 1
# environment
VSCODE_CODE_CACHE_PATH = /Users/ievab/Library/Application Support/Code/CachedData/c3511e6c69bb39013c4a4b7b9566ec1ca73fc4d5
# environment
LOGNAME = ievab
# environment
BUNDLER_EDITOR = code
# environment
APPLICATION_INSIGHTS_NO_DIAGNOSTIC_CHANNEL = true
# environment
PYTHONBREAKPOINT = ipdb.set_trace
# environment
VSCODE_HANDLES_UNCAUGHT_ERRORS = true
# automatic
^D = $(patsubst %/,%,$(dir $^))
# environment
XPC_FLAGS = 0x0
# default
MAKE = $(MAKE_COMMAND)
# default
MAKECMDGOALS := all
# environment
SHLVL = 3
# default
MAKE_VERSION := 3.81
# environment
USER = ievab
# makefile
.DEFAULT_GOAL := set_project
# environment
TERM_SESSION_ID = BAF7F3C1-8D9B-471B-BC39-B283FA72FD80
# environment
LESS = -R
# automatic
%D = $(patsubst %/,%,$(dir $%))
# makefile (from `Makefile', line 59)
PYTHON_VERSION = 3.7
# default
MAKE_COMMAND := /Applications/Xcode.app/Contents/Developer/usr/bin/make
# environment
TERM_PROGRAM = Apple_Terminal
# default
.VARIABLES := 
# environment
TMPDIR = /var/folders/q5/_9wxskdx5t30nfq8r9d_3k380000gn/T/
# automatic
*F = $(notdir $*)
# environment
VSCODE_IPC_HOOK = /Users/ievab/Library/Application Support/Code/1.67.2-main.sock
# environment
PYTHONPATH = /Users/ievab/code/ievabi/data-challenges/04-Decision-Science:
# makefile
MAKEFLAGS = Rrqp
# environment
MFLAGS = -Rrqp
# automatic
*D = $(patsubst %/,%,$(dir $*))
# environment
TERM_PROGRAM_VERSION = 443
# environment
NVM_DIR = /Users/ievab/.nvm
# environment
XPC_SERVICE_NAME = application.com.microsoft.VSCode.8672895979.8672895985.6CBEB1AA-F3C1-4574-9EA3-EC103F47280E
# automatic
+D = $(patsubst %/,%,$(dir $+))
# makefile (from `Makefile', line 11)
BUCKET_FOLDER = data
# automatic
+F = $(notdir $+)
# makefile (from `Makefile', line 17)
REGION = europe-west1
# makefile (from `Makefile', line 8)
BUCKET_NAME = XXX
# makefile (from `Makefile', line 65)
PACKAGE_NAME = TaxiFareModel
# environment
__CF_USER_TEXT_ENCODING = 0x1F5:0x0:0x0
# environment
COMMAND_MODE = unix2003
# default
MAKEFILES := 
# automatic
<F = $(notdir $<)
# makefile (from `Makefile', line 60)
FRAMEWORK = scikit-learn
# environment
EDITOR = code
# environment
PAGER = less
# environment
LC_ALL = C
# environment
PYENV_VIRTUALENV_DISABLE_PROMPT = 1
# environment
PYENV_VIRTUAL_ENV = /Users/ievab/.pyenv/versions/3.8.13/envs/lewagon
# automatic
^F = $(notdir $^)
# default
SUFFIXES := 
# makefile (from `Makefile', line 5)
PROJECT_ID = XXX
# environment
PYENV_VIRTUALENV_INIT = 1
# default
.INCLUDE_DIRS = /usr/local/include
# makefile (from `Makefile', line 70)
JOB_NAME = taxi_fare_training_pipeline_$(shell date +'%Y%m%d_%H%M%S')
# environment
MAKELEVEL := 0
# environment
LANG = C
# environment
TERM = xterm-256color
# makefile (from `Makefile', line 47)
BUCKET_TRAINING_FOLDER = 'trainings'
# environment
VSCODE_PID = 3009
# variable set hash-table stats:
# Load=99/1024=10%, Rehash=0, Collisions=3/123=2%

# Pattern-specific Variable Values

# No pattern-specific variable values.

# Directories

# . (device 16777220, inode 8674191971): 15 files, no impossibilities.

# 15 files, no impossibilities in 1 directories.

# Implicit Rules

# No implicit rules.

# Files

# Not a target:
all:
#  Command-line target.
#  Implicit rule search has been done.
#  File does not exist.
#  File has not been updated.
# variable set hash-table stats:
# Load=0/32=0%, Rehash=0, Collisions=0/0=0%

# Not a target:
.SUFFIXES:
#  Implicit rule search has not been done.
#  Modification time never checked.
#  File has not been updated.

# Not a target:
Makefile:
#  Implicit rule search has been done.
#  Last modified 2022-05-26 11:19:23
#  File has been updated.
#  Successfully updated.
# variable set hash-table stats:
# Load=0/32=0%, Rehash=0, Collisions=0/0=0%

gcp_submit_training:
#  Implicit rule search has not been done.
#  Modification time never checked.
#  File has not been updated.
#  commands to execute (from `Makefile', line 77):
	gcloud ai-platform jobs submit training ${JOB_NAME} \
	--job-dir gs://${BUCKET_NAME}/${BUCKET_TRAINING_FOLDER} \
	--package-path ${PACKAGE_NAME} \
	--module-name ${PACKAGE_NAME}.${FILENAME} \
	--python-version=${PYTHON_VERSION} \
	--runtime-version=${RUNTIME_VERSION} \
	--region ${REGION} \
	--stream-logs
	

upload_data:
#  Implicit rule search has not been done.
#  Modification time never checked.
#  File has not been updated.
#  commands to execute (from `Makefile', line 26):
	-@gsutil cp ${LOCAL_PATH} gs://${BUCKET_NAME}/${BUCKET_FOLDER}/${BUCKET_FILE_NAME}
	

set_project:
#  Implicit rule search has not been done.
#  Modification time never checked.
#  File has not been updated.
#  commands to execute (from `Makefile', line 20):
	-@gcloud config set project ${PROJECT_ID}
	

# Not a target:
.DEFAULT:
#  Implicit rule search has not been done.
#  Modification time never checked.
#  File has not been updated.

create_bucket:
#  Implicit rule search has not been done.
#  Modification time never checked.
#  File has not been updated.
#  commands to execute (from `Makefile', line 23):
	-@gsutil mb -l ${REGION} -p ${PROJECT_ID} gs://${BUCKET_NAME}
	

clean:
 
make: *** No rule to make target `all'.  Stop.

#  Implicit rule search has not been done.
#  Modification time never checked.
#  File has not been updated.
#  commands to execute (from `Makefile', line 87):
	@rm -f */version.txt
	@rm -f .coverage
	@rm -fr */__pycache__ __pycache__
	@rm -fr build dist *.dist-info *.egg-info
	@rm -fr */*.pyc
	

run_locally:
#  Implicit rule search has not been done.
#  Modification time never checked.
#  File has not been updated.
#  commands to execute (from `Makefile', line 74):
	@python -m ${PACKAGE_NAME}.${FILENAME}
	

run_api:
#  Implicit rule search has not been done.
#  Modification time never checked.
#  File has not been updated.
#  commands to execute (from `Makefile', line 97):
	uvicorn api.fast:app --reload  # load web server with code autoreload
	

# files hash-table stats:
# Load=11/1024=1%, Rehash=0, Collisions=0/23=0%
# VPATH Search Paths

# No `vpath' search paths.

# No general (`VPATH' variable) search path.

# # of strings in strcache: 1
# # of strcache buffers: 1
# strcache size: total = 4096 / max = 4096 / min = 4096 / avg = 4096
# strcache free: total = 4087 / max = 4087 / min = 4087 / avg = 4087

# Finished Make data base on Thu May 26 11:23:52 2022

 
